2024-12-16 23:39:25.204634 - User 1783466933: Запустил /start
2024-12-16 23:40:21.471490 - User 1783466933: Начал заказ цветов
2024-12-16 23:40:26.895488 - User 1783466933: Выбрал цветок: rose
2024-12-17 00:03:18.459584 - User 1783466933: Запустил /start
2024-12-17 00:03:22.451579 - User 1783466933: Начал заказ цветов
2024-12-17 00:03:25.324614 - User 1783466933: Выбрал цветок: rose
2024-12-17 00:03:28.751291 - User 1783466933: Указал количество: 5
2024-12-17 00:03:32.202291 - User 1783466933: Подтвердил заказ: 5 шт. rose
2024-12-17 00:03:43.243924 - User 1783466933: Запустил /start
2024-12-17 00:03:59.086936 - User 1783466933: Вошел в админ панель
2024-12-17 00:04:02.923924 - User 1783466933: Запросил статистику
2024-12-17 00:04:16.886927 - User 1783466933: Запросил статистику
2024-12-17 00:06:20.693849 - User 1783466933: Запросил /help
2024-12-17 00:08:43.523744 - User 1783466933: Запустил /start
2024-12-17 00:08:45.710744 - User 1783466933: Вошел в админ панель
2024-12-17 00:14:11.395140 - User 1783466933: Запустил /start
2024-12-17 00:14:17.840142 - User 1783466933: Вошел в админ панель
2024-12-17 00:14:19.666134 - User 1783466933: Запросил статистику
2024-12-17 00:24:16.649051 - User 1783466933: Запустил /start
2024-12-17 00:24:18.747954 - User 1783466933: Начал заказ цветов
2024-12-17 00:24:21.659097 - User 1783466933: Выбрал цветок: rose
2024-12-17 00:24:26.092706 - User 1783466933: Указал количество: 4
2024-12-17 00:24:27.651971 - User 1783466933: Подтвердил заказ: 4 шт. rose
2024-12-17 00:24:32.698520 - User 1783466933: Нажал Помощь
2024-12-17 00:24:34.731874 - User 1783466933: Вошел в админ панель
2024-12-17 00:24:36.519297 - User 1783466933: Запросил статистику
2024-12-17 00:24:40.230195 - User 1783466933: Начал добавление цветка
2024-12-17 00:25:34.728922 - User 1783466933: Добавил цветок: Хризантема
2024-12-17 00:25:54.213252 - User 1783466933: Начал удаление заказа
2024-12-17 00:26:05.992377 - User 1783466933: Удалил заказ: 2
2024-12-17 00:26:08.318559 - User 1783466933: Запросил статистику
2024-12-17 01:34:07.413921 - User 1783466933: Запустил /start
2024-12-17 01:38:00.217923 - User 1783466933: Запустил /start
2024-12-17 01:41:24.876592 - User 1783466933: Запустил /start
2024-12-17 01:45:48.790365 - User 1783466933: Запустил /start
2024-12-17 01:46:39.936923 - User 1783466933: Запустил /start
2024-12-17 01:49:01.876478 - User 1783466933: Запустил /start
2024-12-17 04:24:50.246971 - User 1783466933: Запустил /start
2024-12-17 04:24:54.406973 - User 1783466933: Запустил /start
2024-12-17 04:25:49.233970 - User 1783466933: Запустил /start
2024-12-17 04:25:51.001970 - User 1783466933: Начал заказ цветов
2024-12-17 04:32:15.951594 - User 1783466933: Запустил /start
2024-12-17 04:32:19.282599 - User 1783466933: Начал заказ цветов
2024-12-17 04:32:26.002592 - User 1783466933: Вошел в админ панель
2024-12-17 04:38:20.241597 - User 1783466933: Запустил /start
2024-12-17 04:38:22.977596 - User 1783466933: Начал заказ цветов
2024-12-17 04:40:04.563599 - User 1783466933: Запустил /start
2024-12-17 04:40:07.115602 - User 1783466933: Начал заказ цветов
2024-12-17 04:43:02.147599 - User 1783466933: Запустил /start
2024-12-17 04:43:04.077597 - User 1783466933: Начал заказ цветов
2024-12-17 04:43:05.840598 - User 1783466933: Выбрал цветок: rose
2024-12-17 04:43:09.481595 - User 1783466933: Указал количество: 5
2024-12-17 04:43:11.074594 - User 1783466933: Подтвердил заказ: 5 шт. rose
2024-12-17 04:43:13.211594 - User 1783466933: Нажал Помощь
2024-12-17 04:43:15.806596 - User 1783466933: Вошел в админ панель
2024-12-17 04:45:12.543594 - User 1783466933: Запустил /start
2024-12-17 04:45:15.418599 - User 1783466933: Вошел в админ панель
2024-12-17 04:45:17.295596 - User 1783466933: Запросил статистику
2024-12-17 04:45:21.709593 - User 1783466933: Начал добавление цветка
2024-12-17 04:45:52.174592 - User 1783466933: Добавил цветок: Подсолнух
2024-12-17 04:55:01.575108 - User 1783466933: Запустил /start
2024-12-17 04:55:04.001111 - User 1783466933: Начал заказ цветов
2024-12-17 04:55:05.594107 - User 1783466933: Выбрал цветок: rose
2024-12-17 04:55:09.387108 - User 1783466933: Указал количество: 4
2024-12-17 04:55:11.833109 - User 1783466933: Отменил заказ
2024-12-17 04:55:15.343107 - User 1783466933: Нажал Помощь
2024-12-17 04:55:17.450109 - User 1783466933: Вошел в админ панель
2024-12-17 04:55:19.065114 - User 1783466933: Запросил статистику
2024-12-17 19:11:22.112457 - User 1235643014: Запустил /start
2024-12-17 19:11:25.521755 - User 1235643014: Попытка доступа к админ панели
2024-12-17 19:11:26.594202 - User 1235643014: Нажал Помощь
2024-12-17 19:11:55.072553 - User 1235643014: Запустил /start
2024-12-17 19:11:56.849517 - User 1235643014: Попытка доступа к админ панели
2024-12-17 19:12:15.078178 - User 1235643014: Запустил /start
2024-12-17 19:12:16.026920 - User 1235643014: Попытка доступа к админ панели
2024-12-17 19:12:28.910299 - User 1235643014: Запустил /start
2024-12-17 19:12:29.796518 - User 1235643014: Попытка доступа к админ панели
2024-12-17 19:12:51.305618 - User 1235643014: Запустил /start
2024-12-17 19:12:52.244975 - User 1235643014: Вошел в админ панель
2024-12-17 19:12:53.604372 - User 1235643014: Запросил статистику
2024-12-17 19:13:00.616002 - User 1235643014: Начал добавление цветка
